Removed Member From Class: ClassName=biolab_rev2 Member=PS?
Change Component Comment : Designator=U? Old Comment=ATMEGA644PV-10PU New Comment=ATMEL
Change Component Comment : Designator=J? Old Comment=DC-005 New Comment=PWR IN
Change Component Comment : Designator=P? Old Comment=Header 8 New Comment=OLED_Header
Change Component Comment : Designator=CON1 Old Comment=USB1130-15-A_REVA New Comment=USB
Change Component Comment : Designator=CON2 Old Comment=USB1130-15-A_REVA New Comment=USB
Change Component Comment : Designator=CON3 Old Comment=USB1130-15-A_REVA New Comment=USB
Change Component Designator: OldDesignator=D? NewDesignator=D1
Change Component Designator: OldDesignator=J? NewDesignator=J1
Change Component Designator: OldDesignator=P? NewDesignator=P1
Change Component Designator: OldDesignator=U? NewDesignator=U1
Change Component Designator: OldDesignator=Y? NewDesignator=Y1
Added Component: Designator=C1(C0603)
Add component (AddParameter): Name = "Availability"; Value = "Unavailable"; VariantName = "[No Variations]"
Add component (AddParameter): Name = "MF"; Value = "{'manufacturer': u'Yageo'}"; VariantName = "[No Variations]"
Add component (AddParameter): Name = "MP"; Value = "CERAMIC-10UF-10V-10%-X5R(0603)"; VariantName = "[No Variations]"
Add component (AddParameter): Name = "Package"; Value = "None"; VariantName = "[No Variations]"
Add component (AddParameter): Name = "Price"; Value = "None"; VariantName = "[No Variations]"
Add component (AddParameter): Name = "Value"; Value = ""; VariantName = "[No Variations]"
Added Component: Designator=C2(C0603)
Add component (AddParameter): Name = "Availability"; Value = "Unavailable"; VariantName = "[No Variations]"
Add component (AddParameter): Name = "MF"; Value = "{'manufacturer': u'Yageo'}"; VariantName = "[No Variations]"
Add component (AddParameter): Name = "MP"; Value = "CERAMIC-10UF-10V-10%-X5R(0603)"; VariantName = "[No Variations]"
Add component (AddParameter): Name = "Package"; Value = "None"; VariantName = "[No Variations]"
Add component (AddParameter): Name = "Price"; Value = "None"; VariantName = "[No Variations]"
Add component (AddParameter): Name = "Value"; Value = ""; VariantName = "[No Variations]"
Added Component: Designator=C3(C0603)
Add component (AddParameter): Name = "Availability"; Value = "Unavailable"; VariantName = "[No Variations]"
Add component (AddParameter): Name = "MF"; Value = "{'manufacturer': u'Yageo'}"; VariantName = "[No Variations]"
Add component (AddParameter): Name = "MP"; Value = "CERAMIC-10UF-10V-10%-X5R(0603)"; VariantName = "[No Variations]"
Add component (AddParameter): Name = "Package"; Value = "None"; VariantName = "[No Variations]"
Add component (AddParameter): Name = "Price"; Value = "None"; VariantName = "[No Variations]"
Add component (AddParameter): Name = "Value"; Value = ""; VariantName = "[No Variations]"
Added Component: Designator=C4(C0603)
Add component (AddParameter): Name = "Availability"; Value = "Unavailable"; VariantName = "[No Variations]"
Add component (AddParameter): Name = "MF"; Value = "{'manufacturer': u'Yageo'}"; VariantName = "[No Variations]"
Add component (AddParameter): Name = "MP"; Value = "CERAMIC-10UF-10V-10%-X5R(0603)"; VariantName = "[No Variations]"
Add component (AddParameter): Name = "Package"; Value = "None"; VariantName = "[No Variations]"
Add component (AddParameter): Name = "Price"; Value = "None"; VariantName = "[No Variations]"
Add component (AddParameter): Name = "Value"; Value = ""; VariantName = "[No Variations]"
Added Component: Designator=C5(CAPC1608X85N)
Add component (AddParameter): Name = "Availability"; Value = "Unavailable"; VariantName = "[No Variations]"
Add component (AddParameter): Name = "MF"; Value = "{'manufacturer': u'KEMET'}"; VariantName = "[No Variations]"
Add component (AddParameter): Name = "MP"; Value = "C0603C200J5GACTU"; VariantName = "[No Variations]"
Add component (AddParameter): Name = "Package"; Value = "None"; VariantName = "[No Variations]"
Add component (AddParameter): Name = "Price"; Value = "None"; VariantName = "[No Variations]"
Add component (AddParameter): Name = "Value"; Value = ""; VariantName = "[No Variations]"
Added Component: Designator=C6(CAPC1608X85N)
Add component (AddParameter): Name = "Availability"; Value = "Unavailable"; VariantName = "[No Variations]"
Add component (AddParameter): Name = "MF"; Value = "{'manufacturer': u'KEMET'}"; VariantName = "[No Variations]"
Add component (AddParameter): Name = "MP"; Value = "C0603C200J5GACTU"; VariantName = "[No Variations]"
Add component (AddParameter): Name = "Package"; Value = "None"; VariantName = "[No Variations]"
Add component (AddParameter): Name = "Price"; Value = "None"; VariantName = "[No Variations]"
Add component (AddParameter): Name = "Value"; Value = ""; VariantName = "[No Variations]"
Added Component: Designator=U2(VREG_NCP1117DT33G)
Add component (AddParameter): Name = "Availability"; Value = "Unavailable"; VariantName = "[No Variations]"
Add component (AddParameter): Name = "MF"; Value = "{'manufacturer': u'ON Semiconductor'}"; VariantName = "[No Variations]"
Add component (AddParameter): Name = "MP"; Value = "NCP1117DT33G"; VariantName = "[No Variations]"
Add component (AddParameter): Name = "Package"; Value = "None"; VariantName = "[No Variations]"
Add component (AddParameter): Name = "Price"; Value = "None"; VariantName = "[No Variations]"
Add component (AddParameter): Name = "Value"; Value = ""; VariantName = "[No Variations]"
Added Component: Designator=U3(DPAK229P990X238-4N)
Add component (AddParameter): Name = "Availability"; Value = "Unavailable"; VariantName = "[No Variations]"
Add component (AddParameter): Name = "MF"; Value = "{'manufacturer': u'ON Semiconductor'}"; VariantName = "[No Variations]"
Add component (AddParameter): Name = "MP"; Value = "NCP1117DT50G"; VariantName = "[No Variations]"
Add component (AddParameter): Name = "Package"; Value = "None"; VariantName = "[No Variations]"
Add component (AddParameter): Name = "Price"; Value = "None"; VariantName = "[No Variations]"
Add component (AddParameter): Name = "Value"; Value = ""; VariantName = "[No Variations]"
Added Pin To Net: NetName=+3 Pin=C2-2
Added Pin To Net: NetName=+3 Pin=U2-4
Added Net: Name=+3
Added Pin To Net: NetName=+5 Pin=C4-2
Added Pin To Net: NetName=+5 Pin=U1-10
Added Pin To Net: NetName=+5 Pin=U1-30
Added Pin To Net: NetName=+5 Pin=U3-2
Added Net: Name=+5
Added Pin To Net: NetName=+12 Pin=C1-2
Added Pin To Net: NetName=+12 Pin=C3-2
Added Pin To Net: NetName=+12 Pin=J1-4
Added Pin To Net: NetName=+12 Pin=U2-3
Added Pin To Net: NetName=+12 Pin=U3-3
Added Net: Name=+12
Added Pin To Net: NetName=3V3 Pin=P1-3
Added Net: Name=3V3
Added Pin To Net: NetName=GND Pin=C1-1
Added Pin To Net: NetName=GND Pin=C2-1
Added Pin To Net: NetName=GND Pin=C3-1
Added Pin To Net: NetName=GND Pin=C4-1
Added Pin To Net: NetName=GND Pin=C5-1
Added Pin To Net: NetName=GND Pin=C6-1
Added Pin To Net: NetName=GND Pin=J1-2
Added Pin To Net: NetName=GND Pin=J1-3
Added Pin To Net: NetName=GND Pin=P1-1
Added Pin To Net: NetName=GND Pin=U1-11
Added Pin To Net: NetName=GND Pin=U1-31
Added Pin To Net: NetName=GND Pin=U2-1
Added Pin To Net: NetName=GND Pin=U3-1
Added Net: Name=GND
Added Pin To Net: NetName=NetC5_2 Pin=C5-2
Added Pin To Net: NetName=NetC5_2 Pin=U1-13
Added Pin To Net: NetName=NetC5_2 Pin=Y1-1
Added Net: Name=NetC5_2
Added Pin To Net: NetName=NetC6_2 Pin=C6-2
Added Pin To Net: NetName=NetC6_2 Pin=U1-12
Added Pin To Net: NetName=NetC6_2 Pin=Y1-2
Added Net: Name=NetC6_2
Added Pin To Net: NetName=OLED_CLK Pin=P1-7
Added Pin To Net: NetName=OLED_CLK Pin=U1-8
Added Net: Name=OLED_CLK
Added Pin To Net: NetName=OLED_CS Pin=P1-4
Added Pin To Net: NetName=OLED_CS Pin=U1-5
Added Net: Name=OLED_CS
Added Pin To Net: NetName=OLED_DATA Pin=P1-8
Added Pin To Net: NetName=OLED_DATA Pin=U1-6
Added Net: Name=OLED_DATA
Added Pin To Net: NetName=OLED_DC Pin=P1-6
Added Pin To Net: NetName=OLED_DC Pin=U1-4
Added Net: Name=OLED_DC
Added Pin To Net: NetName=OLED_VIN Pin=P1-2
Added Net: Name=OLED_VIN
Added Pin To Net: NetName=~RST Pin=P1-5
Added Pin To Net: NetName=~RST Pin=U1-9
Added Net: Name=~RST
Added Member To Class: ClassName=biolab_rev2 Member=Component C1 10uF
Added Member To Class: ClassName=biolab_rev2 Member=Component C2 10uF
Added Member To Class: ClassName=biolab_rev2 Member=Component C3 10uF
Added Member To Class: ClassName=biolab_rev2 Member=Component C4 10uF
Added Member To Class: ClassName=biolab_rev2 Member=Component C5 20pF
Added Member To Class: ClassName=biolab_rev2 Member=Component C6 20pF
Added Member To Class: ClassName=biolab_rev2 Member=Component U2 NCP1117DT33G
Added Member To Class: ClassName=biolab_rev2 Member=Component U3 NCP1117DT50G
