Removed Pin From Net: NetName=+12 Pin=C1-2
Removed Pin From Net: NetName=GND Pin=U2-1
Removed Pin From Net: NetName=+12 Pin=U2-3
Removed Member From Class: ClassName=biolab_rev2 Member=U2
Change Component Footprint: Designator=C1 Old Footprint=C0603 New Footprint=WCAP-CSST_885382206004
Change Component Footprint: Designator=C2 Old Footprint=C0603 New Footprint=WCAP-CSST_885382206004
Change Component Comment : Designator=C1 Old Comment=10uF New Comment=100nF
Change Component Comment : Designator=C2 Old Comment=10uF New Comment=100nF
Change Component Comment : Designator=D1 Old Comment=7012X1 New Comment=POWER
Change Component Comment : Designator=U1 Old Comment=ATMEL New Comment=ATMEL ATMEGA644PV
Change Component Comment : Designator=Y1 Old Comment=FOXSDLF/160-20 New Comment=16 MHz
Change component parameters: Designator = "C1" ("C1"); Footprint = "C0603"; UniqueID = "\MYBRNKVO" ("\MYBRNKVO")
Change component parameters (AddParameter): Name = "Availability"; Value = "Unavailable"; VariantName = "[No Variations]"
Change component parameters (AddParameter): Name = "MF"; Value = "{'manufacturer': u'Wurth Electronics Inc'}"; VariantName = "[No Variations]"
Change component parameters (AddParameter): Name = "MP"; Value = "885382206004"; VariantName = "[No Variations]"
Change component parameters (AddParameter): Name = "Package"; Value = "None"; VariantName = "[No Variations]"
Change component parameters (AddParameter): Name = "Price"; Value = "None"; VariantName = "[No Variations]"
Change component parameters (AddParameter): Name = "Value"; Value = ""; VariantName = "[No Variations]"
Change component parameters: Designator = "C2" ("C2"); Footprint = "C0603"; UniqueID = "\XXYOSMOU" ("\XXYOSMOU")
Change component parameters (AddParameter): Name = "Availability"; Value = "Unavailable"; VariantName = "[No Variations]"
Change component parameters (AddParameter): Name = "MF"; Value = "{'manufacturer': u'Wurth Electronics Inc'}"; VariantName = "[No Variations]"
Change component parameters (AddParameter): Name = "MP"; Value = "885382206004"; VariantName = "[No Variations]"
Change component parameters (AddParameter): Name = "Package"; Value = "None"; VariantName = "[No Variations]"
Change component parameters (AddParameter): Name = "Price"; Value = "None"; VariantName = "[No Variations]"
Change component parameters (AddParameter): Name = "Value"; Value = ""; VariantName = "[No Variations]"
Added Component: Designator=D2(LED_7012X1)
Add component (AddParameter): Name = "Availability"; Value = "Unavailable"; VariantName = "[No Variations]"
Add component (AddParameter): Name = "MF"; Value = "{'manufacturer': u'Visual'}"; VariantName = "[No Variations]"
Add component (AddParameter): Name = "MP"; Value = "7012X1"; VariantName = "[No Variations]"
Add component (AddParameter): Name = "Package"; Value = "None"; VariantName = "[No Variations]"
Add component (AddParameter): Name = "Price"; Value = "None"; VariantName = "[No Variations]"
Add component (AddParameter): Name = "Value"; Value = ""; VariantName = "[No Variations]"
Added Component: Designator=D3(LED_7012X1)
Add component (AddParameter): Name = "Availability"; Value = "Unavailable"; VariantName = "[No Variations]"
Add component (AddParameter): Name = "MF"; Value = "{'manufacturer': u'Visual'}"; VariantName = "[No Variations]"
Add component (AddParameter): Name = "MP"; Value = "7012X1"; VariantName = "[No Variations]"
Add component (AddParameter): Name = "Package"; Value = "None"; VariantName = "[No Variations]"
Add component (AddParameter): Name = "Price"; Value = "None"; VariantName = "[No Variations]"
Add component (AddParameter): Name = "Value"; Value = ""; VariantName = "[No Variations]"
Added Component: Designator=P3(HDR1X3H)
Add component (AddParameter): Name = "LatestRevisionDate"; Value = "17-Jul-2002"; VariantName = "[No Variations]"
Add component (AddParameter): Name = "LatestRevisionNote"; Value = "Re-released for DXP Platform."; VariantName = "[No Variations]"
Add component (AddParameter): Name = "Publisher"; Value = "Altium Limited"; VariantName = "[No Variations]"
Added Component: Designator=P4(HDR1X4H)
Add component (AddParameter): Name = "LatestRevisionDate"; Value = "17-Jul-2002"; VariantName = "[No Variations]"
Add component (AddParameter): Name = "LatestRevisionNote"; Value = "Re-released for DXP Platform."; VariantName = "[No Variations]"
Add component (AddParameter): Name = "Publisher"; Value = "Altium Limited"; VariantName = "[No Variations]"
Added Component: Designator=R1(RESC1608X55N)
Add component (AddParameter): Name = "Availability"; Value = "Unavailable"; VariantName = "[No Variations]"
Add component (AddParameter): Name = "MF"; Value = "{'manufacturer': u'Yageo'}"; VariantName = "[No Variations]"
Add component (AddParameter): Name = "MP"; Value = "SR0603JR-07200RL"; VariantName = "[No Variations]"
Add component (AddParameter): Name = "Package"; Value = "None"; VariantName = "[No Variations]"
Add component (AddParameter): Name = "Price"; Value = "None"; VariantName = "[No Variations]"
Add component (AddParameter): Name = "Value"; Value = ""; VariantName = "[No Variations]"
Added Component: Designator=R2(RESC1608X55N)
Add component (AddParameter): Name = "Availability"; Value = "Unavailable"; VariantName = "[No Variations]"
Add component (AddParameter): Name = "MF"; Value = "{'manufacturer': u'Yageo'}"; VariantName = "[No Variations]"
Add component (AddParameter): Name = "MP"; Value = "SR0603JR-07200RL"; VariantName = "[No Variations]"
Add component (AddParameter): Name = "Package"; Value = "None"; VariantName = "[No Variations]"
Add component (AddParameter): Name = "Price"; Value = "None"; VariantName = "[No Variations]"
Add component (AddParameter): Name = "Value"; Value = ""; VariantName = "[No Variations]"
Added Component: Designator=R3(RESC1608X55N)
Add component (AddParameter): Name = "Availability"; Value = "Unavailable"; VariantName = "[No Variations]"
Add component (AddParameter): Name = "MF"; Value = "{'manufacturer': u'Yageo'}"; VariantName = "[No Variations]"
Add component (AddParameter): Name = "MP"; Value = "SR0603JR-07200RL"; VariantName = "[No Variations]"
Add component (AddParameter): Name = "Package"; Value = "None"; VariantName = "[No Variations]"
Add component (AddParameter): Name = "Price"; Value = "None"; VariantName = "[No Variations]"
Add component (AddParameter): Name = "Value"; Value = ""; VariantName = "[No Variations]"
Added Pin To Net: NetName=+5 Pin=C1-2
Added Pin To Net: NetName=+5 Pin=C2-2
Added Pin To Net: NetName=+5 Pin=CON1-1
Added Pin To Net: NetName=GND Pin=CON1-4
Added Pin To Net: NetName=+5 Pin=CON2-1
Added Pin To Net: NetName=GND Pin=CON2-4
Added Pin To Net: NetName=+5 Pin=CON3-1
Added Pin To Net: NetName=GND Pin=CON3-4
Added Pin To Net: NetName=+5 Pin=D1-A
Added Pin To Net: NetName=+5 Pin=D2-A
Added Pin To Net: NetName=+5 Pin=D3-A
Added Pin To Net: NetName=+5 Pin=P1-2
Added Pin To Net: NetName=GND Pin=S1-3
Added Pin To Net: NetName=GND Pin=S1-4
Added Pin To Net: NetName=GND Pin=S2-3
Added Pin To Net: NetName=GND Pin=S2-4
Added Pin To Net: NetName=GND Pin=S3-3
Added Pin To Net: NetName=GND Pin=S3-4
Added Pin To Net: NetName=GND Pin=S4-3
Added Pin To Net: NetName=GND Pin=S4-4
Added Pin To Net: NetName=GND Pin=S5-3
Added Pin To Net: NetName=GND Pin=S5-4
Added Pin To Net: NetName=GND Pin=S6-3
Added Pin To Net: NetName=GND Pin=S6-4
Added Pin To Net: NetName=GND Pin=S7-3
Added Pin To Net: NetName=GND Pin=S7-4
Added Pin To Net: NetName=+5 Pin=U1-32
Change Net Name : Old Net Name=+12 New Net Name=+9
Change Net Name : Old Net Name=3V3 New Net Name=+3
Change Net Name : Old Net Name=NetC5_2 New Net Name=XTAL_IN
Change Net Name : Old Net Name=NetC6_2 New Net Name=XTAL_OUT
Added Pin To Net: NetName=BACK Pin=S6-1
Added Pin To Net: NetName=BACK Pin=S6-2
Added Net: Name=BACK
Added Pin To Net: NetName=CON1A Pin=CON1-2
Added Pin To Net: NetName=CON1A Pin=U1-40
Added Net: Name=CON1A
Added Pin To Net: NetName=CON1B Pin=CON1-3
Added Pin To Net: NetName=CON1B Pin=U1-39
Added Net: Name=CON1B
Added Pin To Net: NetName=CON2A Pin=CON2-2
Added Pin To Net: NetName=CON2A Pin=U1-38
Added Net: Name=CON2A
Added Pin To Net: NetName=CON2B Pin=CON2-3
Added Pin To Net: NetName=CON2B Pin=U1-37
Added Net: Name=CON2B
Added Pin To Net: NetName=CON3A Pin=CON3-2
Added Pin To Net: NetName=CON3A Pin=U1-36
Added Net: Name=CON3A
Added Pin To Net: NetName=CON3B Pin=CON3-3
Added Pin To Net: NetName=CON3B Pin=U1-35
Added Net: Name=CON3B
Added Pin To Net: NetName=DOWN Pin=S7-1
Added Pin To Net: NetName=DOWN Pin=S7-2
Added Pin To Net: NetName=DOWN Pin=U1-15
Added Net: Name=DOWN
Added Pin To Net: NetName=INIT_LED Pin=R2-1
Added Pin To Net: NetName=INIT_LED Pin=U1-20
Added Net: Name=INIT_LED
Added Pin To Net: NetName=LEFT Pin=S4-1
Added Pin To Net: NetName=LEFT Pin=S4-2
Added Pin To Net: NetName=LEFT Pin=U1-16
Added Net: Name=LEFT
Added Pin To Net: NetName=NetD1_C Pin=D1-C
Added Pin To Net: NetName=NetD1_C Pin=R1-2
Added Net: Name=NetD1_C
Added Pin To Net: NetName=NetD2_C Pin=D2-C
Added Pin To Net: NetName=NetD2_C Pin=R2-2
Added Net: Name=NetD2_C
Added Pin To Net: NetName=NetD3_C Pin=D3-C
Added Pin To Net: NetName=NetD3_C Pin=R3-2
Added Net: Name=NetD3_C
Added Pin To Net: NetName=nRST Pin=P2-5
Added Pin To Net: NetName=nRST Pin=S3-1
Added Pin To Net: NetName=nRST Pin=S3-2
Added Pin To Net: NetName=nRST Pin=U1-9
Added Net: Name=nRST
Added Pin To Net: NetName=OLED_RST Pin=P1-5
Added Pin To Net: NetName=OLED_RST Pin=U1-3
Added Net: Name=OLED_RST
Added Pin To Net: NetName=PWR_LED Pin=R1-1
Added Pin To Net: NetName=PWR_LED Pin=U1-19
Added Net: Name=PWR_LED
Added Pin To Net: NetName=RIGHT Pin=S5-1
Added Pin To Net: NetName=RIGHT Pin=S5-2
Added Pin To Net: NetName=RIGHT Pin=U1-17
Added Net: Name=RIGHT
Added Pin To Net: NetName=RUN_LED Pin=R3-1
Added Pin To Net: NetName=RUN_LED Pin=U1-21
Added Net: Name=RUN_LED
Added Pin To Net: NetName=SEL Pin=S2-1
Added Pin To Net: NetName=SEL Pin=S2-2
Added Net: Name=SEL
Added Pin To Net: NetName=UP Pin=S1-1
Added Pin To Net: NetName=UP Pin=S1-2
Added Pin To Net: NetName=UP Pin=U1-14
Added Net: Name=UP
Added Member To Class: ClassName=biolab_rev2 Member=Component D2 INIT
Added Member To Class: ClassName=biolab_rev2 Member=Component D3 RUN
Added Member To Class: ClassName=biolab_rev2 Member=Component P2 ISP
Added Member To Class: ClassName=biolab_rev2 Member=Component P3 LED
Added Member To Class: ClassName=biolab_rev2 Member=Component P4 I2C
Added Member To Class: ClassName=biolab_rev2 Member=Component R1 200
Added Member To Class: ClassName=biolab_rev2 Member=Component R2 200
Added Member To Class: ClassName=biolab_rev2 Member=Component R3 200
Added Room: Name=biolab_rev2
